<?xml version="1.0" encoding="UTF-8"?>
<!-- Generated by org.testng.reporters.JUnitReportReporter -->
<testsuite hostname="SIHA-BLR-01" failures="0" tests="3" name="Academy.E2EProject.HomePage" time="10.620" errors="0" timestamp="2021-08-10T17:01:21 IST" skipped="0">
  <testcase classname="Academy.E2EProject.HomePage" name="BasePageNavigation" time="2.920"/>
  <system-out/>
  <testcase classname="Academy.E2EProject.HomePage" name="BasePageNavigation" time="5.393"/>
  <system-out/>
  <testcase classname="Academy.E2EProject.HomePage" name="BasePageNavigation" time="2.307"/>
  <system-out/>
</testsuite> <!-- Academy.E2EProject.HomePage -->
