<?xml version="1.0" encoding="UTF-8"?>
<!-- Generated by org.testng.reporters.JUnitReportReporter -->
<testsuite hostname="SIHA-BLR-01" failures="0" tests="2" name="Academy.E2EProject.HomePage" time="5.242" errors="0" timestamp="2021-08-07T19:25:25 IST" skipped="0">
  <testcase classname="Academy.E2EProject.HomePage" name="BasePageNavigation" time="3.437"/>
  <system-out/>
  <testcase classname="Academy.E2EProject.HomePage" name="BasePageNavigation" time="1.805"/>
  <system-out/>
</testsuite> <!-- Academy.E2EProject.HomePage -->
