<?xml version="1.0" encoding="UTF-8"?>
<!-- Generated by org.testng.reporters.JUnitReportReporter -->
<testsuite hostname="SIHA-BLR-01" failures="0" tests="1" name="Academy.E2EProject.Validations" time="0.105" errors="0" timestamp="2021-08-07T19:25:25 IST" skipped="0">
  <testcase classname="Academy.E2EProject.Validations" name="validatetitle" time="0.105"/>
  <system-out/>
</testsuite> <!-- Academy.E2EProject.Validations -->
